<?xml version="1.0" encoding="UTF-8"?>
<!-- Generated by org.testng.reporters.JUnitReportReporter -->
<testsuite hostname="jagadeesh" failures="0" tests="2" name="com.TastyNibbles.TestRunner.ValidandInvalidLoginNG" time="35.686" errors="0" timestamp="2025-03-24T09:11:29 IST" skipped="0">
  <testcase classname="com.TastyNibbles.TestRunner.ValidandInvalidLoginNG" name="runScenario" time="18.525"/>
  <testcase classname="com.TastyNibbles.TestRunner.ValidandInvalidLoginNG" name="runScenario" time="17.161"/>
</testsuite> <!-- com.TastyNibbles.TestRunner.ValidandInvalidLoginNG -->
