<?xml version="1.0" encoding="UTF-8"?>
<!-- Generated by org.testng.reporters.JUnitReportReporter -->
<testsuite hostname="jagadeesh" failures="0" tests="1" name="com.TastyNibbles.TestRunner.LogoutNG" time="23.961" errors="0" timestamp="2025-03-24T09:11:29 IST" skipped="0">
  <testcase classname="com.TastyNibbles.TestRunner.LogoutNG" name="runScenario" time="23.961"/>
</testsuite> <!-- com.TastyNibbles.TestRunner.LogoutNG -->
