<?xml version="1.0" encoding="UTF-8"?>
<!-- Generated by org.testng.reporters.JUnitReportReporter -->
<testsuite hostname="jagadeesh" failures="0" tests="2" name="com.TastyNibbles.TestRunner.RegistrationNG" time="47.306" errors="0" timestamp="2025-03-24T09:11:29 IST" skipped="0">
  <testcase classname="com.TastyNibbles.TestRunner.RegistrationNG" name="runScenario" time="22.852"/>
  <testcase classname="com.TastyNibbles.TestRunner.RegistrationNG" name="runScenario" time="24.454"/>
</testsuite> <!-- com.TastyNibbles.TestRunner.RegistrationNG -->
