<?xml version="1.0" encoding="UTF-8"?>
<!-- Generated by org.testng.reporters.JUnitReportReporter -->
<testsuite hostname="jagadeesh" failures="0" tests="2" name="com.TastyNibbles.TestRunner.DemoNG" time="50.628" errors="0" timestamp="2025-03-22T14:35:23 IST" skipped="0">
  <testcase classname="com.TastyNibbles.TestRunner.DemoNG" name="runScenario" time="32.829"/>
  <testcase classname="com.TastyNibbles.TestRunner.DemoNG" name="runScenario" time="17.799"/>
</testsuite> <!-- com.TastyNibbles.TestRunner.DemoNG -->
