<?xml version="1.0" encoding="UTF-8"?>
<!-- Generated by org.testng.reporters.JUnitReportReporter -->
<testsuite hostname="jagadeesh" failures="0" tests="1" name="com.TastyNibbles.TestRunner.CheckoutInvalidNG" time="196.540" errors="0" timestamp="2025-03-24T00:02:30 IST" skipped="0">
  <testcase classname="com.TastyNibbles.TestRunner.CheckoutInvalidNG" name="runScenario" time="196.540"/>
</testsuite> <!-- com.TastyNibbles.TestRunner.CheckoutInvalidNG -->
