<?xml version="1.0" encoding="UTF-8"?>
<!-- Generated by org.testng.reporters.JUnitReportReporter -->
<testsuite hostname="jagadeesh" failures="0" tests="2" name="com.TastyNibbles.TestRunner.RegistrationNG" time="55.242" errors="0" timestamp="2025-03-24T11:31:01 IST" skipped="0">
  <testcase classname="com.TastyNibbles.TestRunner.RegistrationNG" name="runScenario" time="24.586"/>
  <testcase classname="com.TastyNibbles.TestRunner.RegistrationNG" name="runScenario" time="30.656"/>
</testsuite> <!-- com.TastyNibbles.TestRunner.RegistrationNG -->
