<?xml version="1.0" encoding="UTF-8"?>
<!-- Generated by org.testng.reporters.JUnitReportReporter -->
<testsuite hostname="jagadeesh" failures="0" tests="1" name="com.TastyNibbles.TestRunner.MultipleProductsToCartNG" time="241.284" errors="0" timestamp="2025-03-23T15:49:09 IST" skipped="0">
  <testcase classname="com.TastyNibbles.TestRunner.MultipleProductsToCartNG" name="runScenario" time="241.284"/>
</testsuite> <!-- com.TastyNibbles.TestRunner.MultipleProductsToCartNG -->
