<?xml version="1.0" encoding="UTF-8"?>
<!-- Generated by org.testng.reporters.JUnitReportReporter -->
<testsuite hostname="jagadeesh" failures="0" tests="1" name="com.TastyNibbles.TestRunner.SearchAddNG" time="66.379" errors="0" timestamp="2025-03-23T15:35:07 IST" skipped="0">
  <testcase classname="com.TastyNibbles.TestRunner.SearchAddNG" name="runScenario" time="66.379"/>
</testsuite> <!-- com.TastyNibbles.TestRunner.SearchAddNG -->
