<?xml version="1.0" encoding="UTF-8"?>
<!-- Generated by org.testng.reporters.JUnitReportReporter -->
<testsuite hostname="jagadeesh" failures="0" tests="1" name="com.TastyNibbles.TestRunner.MultipleProductsToCart" time="65.532" errors="0" timestamp="2025-03-22T13:36:27 IST" skipped="0">
  <testcase classname="com.TastyNibbles.TestRunner.MultipleProductsToCart" name="runScenario" time="65.532"/>
</testsuite> <!-- com.TastyNibbles.TestRunner.MultipleProductsToCart -->
