<?xml version="1.0" encoding="UTF-8"?>
<!-- Generated by org.testng.reporters.JUnitReportReporter -->
<testsuite hostname="jagadeesh" failures="0" tests="2" name="com.TastyNibbles.TestRunner.ValidandInvalidLoginNG" time="27.786" errors="0" timestamp="2025-03-23T00:04:12 IST" skipped="0">
  <testcase classname="com.TastyNibbles.TestRunner.ValidandInvalidLoginNG" name="runScenario" time="13.957"/>
  <testcase classname="com.TastyNibbles.TestRunner.ValidandInvalidLoginNG" name="runScenario" time="13.829"/>
</testsuite> <!-- com.TastyNibbles.TestRunner.ValidandInvalidLoginNG -->
